2025-01-13 20:23:39,968 - main.views - INFO - Create user with the username:grg57nashib successfully.
2025-01-13 20:26:53,177 - main.views - INFO - Create user with the username:grg57nashib successfully.
2025-01-13 20:30:28,466 - main.views - INFO - Create user with the username:grg57nashib successfully.
2025-01-14 19:28:24,875 - main.views - INFO - Create user with the username:grg57nashib successfully.
2025-01-15 12:48:25,789 - main.views - INFO - Create user with the username:tester123 successfully.
2025-01-15 12:51:30,669 - main.views - ERROR - 'PhoneNumber' object has no attribute 'find'
2025-01-16 13:59:11,459 - main.views - INFO - Create user with the username:grg57nashib successfully.
2025-01-16 14:14:42,221 - main.views - INFO - Create user with the username:tester22 successfully.
2025-01-16 14:18:09,590 - main.views - INFO - Create user with the username:grg57nashib successfully.
2025-01-16 14:29:12,148 - main.views - INFO - Create user with the username:nashib22 successfully.
2025-01-17 08:49:34,961 - main.views - INFO - Create user with the username:krishna123 successfully.
2025-01-17 10:05:07,287 - main.views - INFO - Create user with the username:nashib22 successfully.
2025-01-17 10:06:04,764 - main.views - INFO - Create user with the username:nas22 successfully.
2025-01-25 13:26:21,841 - main.views - INFO - Create user with the username:test123 successfully.
2025-01-25 13:29:49,006 - main.views - INFO - Create user with the username:test1234 successfully.
2025-01-26 10:58:57,581 - main.views - INFO - Create user with the username:try123 successfully.
2025-02-03 20:24:38,042 - main.views - INFO - Create user with the username:ram223 successfully.
2025-02-04 20:45:25,957 - main.views - INFO - Create user with the username:grg57nashib successfully.
2025-02-04 21:42:16,656 - main.views - INFO - Create user with the username:NASGRG successfully.
2025-02-07 23:07:26,246 - main.views - INFO - Create user with the username:grg57nashib successfully.
2025-02-08 11:11:18,612 - main.views - INFO - Create user with the username:grg57nashib successfully.
